<?xml version="1.0" encoding="UTF-8"?>
<!-- Generated by org.testng.reporters.JUnitReportReporter -->
<testsuite hostname="DESKTOP-K5N8E8U" failures="0" tests="1" name="com.inetbanking.testcases.TC_LoginTest_001" time="46.418" errors="0" timestamp="2020-10-10T23:05:46 IST" skipped="0">
  <testcase classname="com.inetbanking.testcases.TC_LoginTest_001" name="loginTest" time="46.418"/>
  <system-out/>
</testsuite> <!-- com.inetbanking.testcases.TC_LoginTest_001 -->
